<?xml version="1.0" encoding="UTF-8"?>
<!-- Generated by org.testng.reporters.JUnitReportReporter -->
<testsuite hostname="WKWIN1946101" failures="0" tests="3" name="galen.galen.Login" time="18.838" errors="0" timestamp="12 Dec 2018 07:32:06 GMT" skipped="0">
  <testcase classname="galen.galen.Login" name="welcomePage_shouldLookGood" time="6.074"/>
  <testcase classname="galen.galen.Login" name="welcomePage_shouldLookGood" time="5.855"/>
  <testcase classname="galen.galen.Login" name="welcomePage_shouldLookGood" time="6.909"/>
</testsuite> <!-- galen.galen.Login -->
